Build log for DoCompile-1.0.1

Built using 0compile-1.7

Build system: Windows, x86_64, 10, 10.0.26100, AMD64, Intel64 Family 6 Model 140 Stepping 1, GenuineIntel

0compile.properties:

[compile]
download-base-url = 
version-modifier = 
interface = C:\Users\PaulK\OneDrive\Documents\PL\PyPL\compile.xml
selections = 
metadir = 0install
distdir = 


Executing: ['c:/windows/py.exe', 'c:/users/paulk/onedrive/documents/pl/pypl/compiler.py', 'c:/users/paulk/onedrive/documents/pl/pypl/lib/generic.mini', '-o', 'C:\\Users\\PaulK\\OneDrive\\Documents\\PL\\PyPL\\compile\\compile-any-any/compiled.exe', '--build-dir', 'C:\\Users\\PaulK\\OneDrive\\Documents\\PL\\PyPL\\compile\\build']
Compiling c:\users\paulk\onedrive\documents\pl\pypl\lib\generic.mini
Time to import: 3.718977689743042 seconds
Time to parse: 0.4623725414276123 seconds
Time to type check + codegen: 2.618638277053833 seconds
Time to verify / recompile dependencies: 0.05719351768493652 seconds
Time to lower to llvm ir: 0.0 seconds
Time to llvm-link: 0.35004305839538574 seconds
Time to opt: 1.3182156085968018 seconds
Time to llc: 0.3883066177368164 seconds
Time to lld-link: 0.13718152046203613 seconds
Total time to compile: 9.050928831100464 seconds
Finished compiling c:\users\paulk\onedrive\documents\pl\pypl\lib\generic.mini
Build successful
