Build log for DoCompile-1.0.1

Built using 0compile-1.7

Build system: Windows, x86_64, 10, 10.0.26100, AMD64, Intel64 Family 6 Model 140 Stepping 1, GenuineIntel

0compile.properties:

[compile]
download-base-url = 
version-modifier = 
interface = C:\Users\PaulK\OneDrive\Documents\PL\PyPL\compiled_executable.xml
selections = 
metadir = 0install
distdir = 


Executing: ['c:/windows/py.exe', 'c:/users/paulk/onedrive/documents/pl/pypl/compiler.py', 'C:\\Users\\PaulK\\OneDrive\\Documents\\PL\\PyPL\\lib\\hash_benchmark.mini', '-o', 'C:\\Users\\PaulK\\OneDrive\\Documents\\PL\\PyPL\\compiled_executable\\compiled_executable-any-any/compiled_executable.exe', '--build-dir', 'C:\\Users\\PaulK\\OneDrive\\Documents\\PL\\PyPL\\compiled_executable\\build']
Compiling C:\Users\PaulK\OneDrive\Documents\PL\PyPL\lib\hash_benchmark.mini
Time to import: 2.102043628692627 seconds
Time to parse: 1.7417056560516357 seconds
Time to type check + codegen: 3.674844741821289 seconds
Time to verify / recompile dependencies: 0.023693561553955078 seconds
Time to lower to llvm ir: 0.0 seconds
Time to llvm-link: 0.2226548194885254 seconds
Time to opt: 7.3512232303619385 seconds
Time to llc: 0.852806568145752 seconds
Time to lld-link: 0.05256915092468262 seconds
Total time to compile: 16.021541357040405 seconds
Finished compiling C:\Users\PaulK\OneDrive\Documents\PL\PyPL\lib\hash_benchmark.mini
Build successful
